<?xml version="1.0" encoding="UTF-8"?>
<!-- Generated by org.testng.reporters.JUnitReportReporter -->
<testsuite skipped="0" hostname="MSDES13" name="FrameworkRelatedClasses.ExcelDataProvider" tests="2" failures="0" timestamp="2020-02-06T18:03:22 IST" time="0.010" errors="0">
  <testcase name="Testcase1Data" time="0.009" classname="FrameworkRelatedClasses.ExcelDataProvider"/>
  <testcase name="Testcase1Data" time="0.001" classname="FrameworkRelatedClasses.ExcelDataProvider"/>
</testsuite> <!-- FrameworkRelatedClasses.ExcelDataProvider -->
