<?xml version="1.0" encoding="UTF-8"?>
<!-- Generated by org.testng.reporters.JUnitReportReporter -->
<testsuite skipped="0" hostname="MSDES13" name="TestNGAnnotations.Tests" tests="4" failures="0" timestamp="2020-02-17T16:00:42 IST" time="65.459" errors="0">
  <testcase name="Test3" time="9.389" classname="TestNGAnnotations.Tests"/>
  <testcase name="Test2" time="8.909" classname="TestNGAnnotations.Tests"/>
  <testcase name="Test4" time="38.627" classname="TestNGAnnotations.Tests"/>
  <testcase name="Test1" time="8.534" classname="TestNGAnnotations.Tests"/>
</testsuite> <!-- TestNGAnnotations.Tests -->
