<?xml version="1.0" encoding="UTF-8"?>
<!-- Generated by org.testng.reporters.JUnitReportReporter -->
<testsuite skipped="0" hostname="MSDES13" name="AutomationHelpers.ImageComparisonNegative" tests="1" failures="0" timestamp="2020-02-06T14:52:26 IST" time="14.591" errors="0">
  <testcase name="imageComaparision" time="14.591" classname="AutomationHelpers.ImageComparisonNegative"/>
</testsuite> <!-- AutomationHelpers.ImageComparisonNegative -->
