<?xml version="1.0" encoding="UTF-8"?>
<!-- Generated by org.testng.reporters.JUnitReportReporter -->
<testsuite skipped="0" hostname="MSDES13" name="VerificationInJavaSelenium.Verify_equalsIgnoreCase" tests="1" failures="0" timestamp="2020-02-11T18:31:52 IST" time="12.763" errors="0">
  <testcase name="login" time="12.763" classname="VerificationInJavaSelenium.Verify_equalsIgnoreCase"/>
</testsuite> <!-- VerificationInJavaSelenium.Verify_equalsIgnoreCase -->
