<?xml version="1.0" encoding="UTF-8"?>
<!-- Generated by org.testng.reporters.JUnitReportReporter -->
<testsuite skipped="0" hostname="MSDES13" name="SeleniumBasics_Java.SeleniumBasics_Java.MultipleWindow" tests="1" failures="0" timestamp="2020-02-03T13:27:45 IST" time="10.590" errors="0">
  <testcase name="testMultipleWindows" time="10.590" classname="SeleniumBasics_Java.SeleniumBasics_Java.MultipleWindow"/>
</testsuite> <!-- SeleniumBasics_Java.SeleniumBasics_Java.MultipleWindow -->
