<?xml version="1.0" encoding="UTF-8"?>
<!-- Generated by org.testng.reporters.JUnitReportReporter -->
<testsuite skipped="0" hostname="MSDES13" name="ReporterFiles.DemoTest" tests="1" failures="0" timestamp="2020-02-24T10:52:07 IST" time="0.031" errors="0">
  <testcase name="DemoTest1" time="0.031" classname="ReporterFiles.DemoTest"/>
</testsuite> <!-- ReporterFiles.DemoTest -->
