<?xml version="1.0" encoding="UTF-8"?>
<!-- Generated by org.testng.reporters.JUnitReportReporter -->
<testsuite skipped="0" hostname="MSDES13" name="SeleniumBasics_Java.SeleniumBasics_Java.CheckBoxesInJavaSelenium" tests="1" failures="0" timestamp="2020-01-29T10:55:02 IST" time="22.819" errors="0">
  <testcase name="CheckBoxes_InJavaSelenium" time="22.819" classname="SeleniumBasics_Java.SeleniumBasics_Java.CheckBoxesInJavaSelenium"/>
</testsuite> <!-- SeleniumBasics_Java.SeleniumBasics_Java.CheckBoxesInJavaSelenium -->
