<?xml version="1.0" encoding="UTF-8"?>
<!-- Generated by org.testng.reporters.JUnitReportReporter -->
<testsuite skipped="0" hostname="MSDES13" name="SeleniumBasics_Java.SeleniumBasics_Java.DropDownIn_JavaSelenium" tests="1" failures="0" timestamp="2020-01-29T15:00:49 IST" time="17.211" errors="0">
  <testcase name="DropDownHandle" time="17.211" classname="SeleniumBasics_Java.SeleniumBasics_Java.DropDownIn_JavaSelenium"/>
</testsuite> <!-- SeleniumBasics_Java.SeleniumBasics_Java.DropDownIn_JavaSelenium -->
