<?xml version="1.0" encoding="UTF-8"?>
<!-- Generated by org.testng.reporters.JUnitReportReporter -->
<testsuite skipped="0" hostname="MSDES13" name="com.MS.Zeenyx.Testcases.InfoRequestZeenyxTestcase" tests="1" failures="0" timestamp="2020-02-17T17:28:43 IST" time="26.631" errors="0">
  <testcase name="InfoRequest_ZeenyxTestcase" time="26.631" classname="com.MS.Zeenyx.Testcases.InfoRequestZeenyxTestcase"/>
</testsuite> <!-- com.MS.Zeenyx.Testcases.InfoRequestZeenyxTestcase -->
