<?xml version="1.0" encoding="UTF-8"?>
<!-- Generated by org.testng.reporters.JUnitReportReporter -->
<testsuite skipped="0" hostname="MSDES13" name="SeleniumBasics_Java.SeleniumBasics_Java.DriverCommands" tests="1" failures="0" timestamp="2020-01-27T12:26:15 IST" time="25.933" errors="0">
  <testcase name="Launch_FirefoxBrowser" time="25.933" classname="SeleniumBasics_Java.SeleniumBasics_Java.DriverCommands"/>
</testsuite> <!-- SeleniumBasics_Java.SeleniumBasics_Java.DriverCommands -->
