<?xml version="1.0" encoding="UTF-8"?>
<!-- Generated by org.testng.reporters.JUnitReportReporter -->
<testsuite skipped="0" hostname="MSDES13" name="SeleniumBasics_Java.SeleniumBasics_Java.WebElementCommands" tests="1" failures="0" timestamp="2020-01-27T15:07:37 IST" time="13.226" errors="0">
  <testcase name="ElementsCommands" time="13.226" classname="SeleniumBasics_Java.SeleniumBasics_Java.WebElementCommands"/>
</testsuite> <!-- SeleniumBasics_Java.SeleniumBasics_Java.WebElementCommands -->
