<?xml version="1.0" encoding="UTF-8"?>
<!-- Generated by org.testng.reporters.JUnitReportReporter -->
<testsuite skipped="0" hostname="MSDES13" name="TablesInJavaSelenium.GetPartialTextFromTable" tests="1" failures="0" timestamp="2020-02-07T18:33:28 IST" time="16.547" errors="0">
  <testcase name="GetPartialText_FromTable" time="16.547" classname="TablesInJavaSelenium.GetPartialTextFromTable"/>
</testsuite> <!-- TablesInJavaSelenium.GetPartialTextFromTable -->
