<?xml version="1.0" encoding="UTF-8"?>
<!-- Generated by org.testng.reporters.JUnitReportReporter -->
<testsuite skipped="0" hostname="MSDES13" name="SeleniumBasics_Java.SeleniumBasics_Java.RadioButtonsInJavaSelenium" tests="1" failures="0" timestamp="2020-01-28T10:33:00 IST" time="9.904" errors="0">
  <testcase name="LocatorsInSelenium_java" time="9.904" classname="SeleniumBasics_Java.SeleniumBasics_Java.RadioButtonsInJavaSelenium"/>
</testsuite> <!-- SeleniumBasics_Java.SeleniumBasics_Java.RadioButtonsInJavaSelenium -->
