<?xml version="1.0" encoding="UTF-8"?>
<!-- Generated by org.testng.reporters.JUnitReportReporter -->
<testsuite skipped="0" hostname="MSDES13" name="SeleniumBasics_Java.SeleniumBasics_Java.Locators_InSelenium" tests="8" failures="0" timestamp="2020-02-03T17:14:12 IST" time="96.334" errors="0">
  <testcase name="ClassName_Locators" time="11.252" classname="SeleniumBasics_Java.SeleniumBasics_Java.Locators_InSelenium"/>
  <testcase name="LinkText_Locators" time="16.263" classname="SeleniumBasics_Java.SeleniumBasics_Java.Locators_InSelenium"/>
  <testcase name="TagName_Locators" time="10.237" classname="SeleniumBasics_Java.SeleniumBasics_Java.Locators_InSelenium"/>
  <testcase name="ID_Locators" time="11.779" classname="SeleniumBasics_Java.SeleniumBasics_Java.Locators_InSelenium"/>
  <testcase name="PartialLinkText_Locators" time="14.360" classname="SeleniumBasics_Java.SeleniumBasics_Java.Locators_InSelenium"/>
  <testcase name="CSSSelector_Locators" time="9.604" classname="SeleniumBasics_Java.SeleniumBasics_Java.Locators_InSelenium"/>
  <testcase name="Name_Locators" time="11.345" classname="SeleniumBasics_Java.SeleniumBasics_Java.Locators_InSelenium"/>
  <testcase name="Xpath_Locators" time="11.494" classname="SeleniumBasics_Java.SeleniumBasics_Java.Locators_InSelenium"/>
</testsuite> <!-- SeleniumBasics_Java.SeleniumBasics_Java.Locators_InSelenium -->
