<?xml version="1.0" encoding="UTF-8"?>
<!-- Generated by org.testng.reporters.JUnitReportReporter -->
<testsuite skipped="0" hostname="MSDES13" name="ReporterFiles.DemoTest" tests="2" failures="0" timestamp="2020-02-24T16:59:11 IST" time="0.916" errors="0">
  <testcase name="DemoTest1" time="0.591" classname="ReporterFiles.DemoTest"/>
  <testcase name="DemoTest2" time="0.325" classname="ReporterFiles.DemoTest"/>
</testsuite> <!-- ReporterFiles.DemoTest -->
