<?xml version="1.0" encoding="UTF-8"?>
<!-- Generated by org.testng.reporters.JUnitReportReporter -->
<testsuite skipped="0" hostname="MSDES13" name="TestNGAnnotations.PriorityInTestng" tests="2" failures="0" timestamp="2020-02-07T12:42:41 IST" time="24.134" errors="0">
  <testcase name="register" time="15.085" classname="TestNGAnnotations.PriorityInTestng"/>
  <testcase name="support" time="9.049" classname="TestNGAnnotations.PriorityInTestng"/>
</testsuite> <!-- TestNGAnnotations.PriorityInTestng -->
