<?xml version="1.0" encoding="UTF-8"?>
<!-- Generated by org.testng.reporters.JUnitReportReporter -->
<testsuite skipped="0" hostname="MSDES13" name="SeleniumBasics_Java.SeleniumBasics_Java.UserInputInjava" tests="1" failures="0" timestamp="2020-01-29T12:49:32 IST" time="25.555" errors="0">
  <testcase name="UserInput" time="25.555" classname="SeleniumBasics_Java.SeleniumBasics_Java.UserInputInjava"/>
</testsuite> <!-- SeleniumBasics_Java.SeleniumBasics_Java.UserInputInjava -->
