<?xml version="1.0" encoding="UTF-8"?>
<!-- Generated by org.testng.reporters.JUnitReportReporter -->
<testsuite skipped="0" hostname="MSDES13" name="TablesInJavaSelenium.GetRequiredColumnInTable" tests="1" failures="0" timestamp="2020-02-07T17:33:56 IST" time="15.552" errors="0">
  <testcase name="GetColumnInTable" time="15.552" classname="TablesInJavaSelenium.GetRequiredColumnInTable"/>
</testsuite> <!-- TablesInJavaSelenium.GetRequiredColumnInTable -->
