<?xml version="1.0" encoding="UTF-8"?>
<!-- Generated by org.testng.reporters.JUnitReportReporter -->
<testsuite skipped="0" hostname="MSDES13" name="TablesInJavaSelenium.GetRequiredRowInTable" tests="1" failures="0" timestamp="2020-02-07T17:21:12 IST" time="15.687" errors="0">
  <testcase name="GetRowInTable" time="15.687" classname="TablesInJavaSelenium.GetRequiredRowInTable"/>
</testsuite> <!-- TablesInJavaSelenium.GetRequiredRowInTable -->
