<?xml version="1.0" encoding="UTF-8"?>
<!-- Generated by org.testng.reporters.JUnitReportReporter -->
<testsuite skipped="0" hostname="MSDES13" name="TablesInJavaSelenium.GetAllValuesFromTable" tests="1" failures="0" timestamp="2020-02-07T18:02:31 IST" time="12.916" errors="0">
  <testcase name="GetColumnInTable" time="12.916" classname="TablesInJavaSelenium.GetAllValuesFromTable"/>
</testsuite> <!-- TablesInJavaSelenium.GetAllValuesFromTable -->
