<?xml version="1.0" encoding="UTF-8"?>
<!-- Generated by org.testng.reporters.JUnitReportReporter -->
<testsuite skipped="0" hostname="MSDES13" name="SeleniumBasics_Java.SeleniumBasics_Java.MultipleWindowsInSelenium" tests="1" failures="0" timestamp="2020-02-03T13:20:04 IST" time="13.198" errors="0">
  <testcase name="Launch_FirefoxBrowser" time="13.198" classname="SeleniumBasics_Java.SeleniumBasics_Java.MultipleWindowsInSelenium"/>
</testsuite> <!-- SeleniumBasics_Java.SeleniumBasics_Java.MultipleWindowsInSelenium -->
