<?xml version="1.0" encoding="UTF-8"?>
<!-- Generated by org.testng.reporters.JUnitReportReporter -->
<testsuite skipped="0" hostname="MSDES13" name="SeleniumBasics_Java.SeleniumBasics_Java.NavigateCommands" tests="1" failures="0" timestamp="2020-01-27T12:39:58 IST" time="34.103" errors="0">
  <testcase name="NavigateCommnadsInJava" time="34.103" classname="SeleniumBasics_Java.SeleniumBasics_Java.NavigateCommands"/>
</testsuite> <!-- SeleniumBasics_Java.SeleniumBasics_Java.NavigateCommands -->
