<?xml version="1.0" encoding="UTF-8"?>
<!-- Generated by org.testng.reporters.JUnitReportReporter -->
<testsuite skipped="1" hostname="MSDES13" name="TestNGAnnotations.IgnoreTest" tests="2" failures="0" timestamp="2020-02-07T12:56:46 IST" time="0.010" errors="0">
  <testcase name="testPrintMessage1" time="0.010" classname="TestNGAnnotations.IgnoreTest"/>
  <testcase name="testPrintMessage" classname="TestNGAnnotations.IgnoreTest">
    <skipped/>
  </testcase> <!-- testPrintMessage -->
</testsuite> <!-- TestNGAnnotations.IgnoreTest -->
