<?xml version="1.0" encoding="UTF-8"?>
<!-- Generated by org.testng.reporters.JUnitReportReporter -->
<testsuite skipped="0" hostname="MSDES13" name="AutomationHelpers.ImageComparision_UsingShutteburg" tests="1" failures="0" timestamp="2020-02-06T17:46:17 IST" time="18.492" errors="0">
  <testcase name="testImage" time="18.492" classname="AutomationHelpers.ImageComparision_UsingShutteburg"/>
</testsuite> <!-- AutomationHelpers.ImageComparision_UsingShutteburg -->
