<?xml version="1.0" encoding="UTF-8"?>
<!-- Generated by org.testng.reporters.JUnitReportReporter -->
<testsuite skipped="0" hostname="MSDES13" name="FrameworkRelatedClasses.ReadingDataFromExcel" tests="1" failures="0" timestamp="2020-02-10T17:05:26 IST" time="0.529" errors="0">
  <testcase name="ExcelTest" time="0.529" classname="FrameworkRelatedClasses.ReadingDataFromExcel"/>
</testsuite> <!-- FrameworkRelatedClasses.ReadingDataFromExcel -->
