<?xml version="1.0" encoding="UTF-8"?>
<!-- Generated by org.testng.reporters.JUnitReportReporter -->
<testsuite skipped="0" hostname="MSDES13" name="SeleniumBasics_Java.SeleniumBasics_Java.Testcases.ZeennyxTrialReqForATTestcase" tests="1" failures="0" timestamp="2020-02-04T12:41:26 IST" time="29.632" errors="0">
  <testcase name="ZeennyxTrialReqForATTestcase_JavaSele" time="29.632" classname="SeleniumBasics_Java.SeleniumBasics_Java.Testcases.ZeennyxTrialReqForATTestcase"/>
</testsuite> <!-- SeleniumBasics_Java.SeleniumBasics_Java.Testcases.ZeennyxTrialReqForATTestcase -->
