<?xml version="1.0" encoding="UTF-8"?>
<!-- Generated by org.testng.reporters.JUnitReportReporter -->
<testsuite skipped="0" hostname="MSDES13" name="TestNGAnnotations.GroupTestExample" tests="3" failures="0" timestamp="2020-02-07T13:01:06 IST" time="0.014" errors="0">
  <testcase name="testSalutationMessage" time="0.001" classname="TestNGAnnotations.GroupTestExample"/>
  <testcase name="testPrintMessage" time="0.012" classname="TestNGAnnotations.GroupTestExample"/>
  <testcase name="testingExitMessage" time="0.001" classname="TestNGAnnotations.GroupTestExample"/>
</testsuite> <!-- TestNGAnnotations.GroupTestExample -->
