<?xml version="1.0" encoding="UTF-8"?>
<!-- Generated by org.testng.reporters.JUnitReportReporter -->
<testsuite skipped="0" hostname="MSDES13" name="VerificationInJavaSelenium.Verify_LoginOfLinkedIn" tests="1" failures="0" timestamp="2020-02-11T18:38:11 IST" time="12.959" errors="0">
  <testcase name="login" time="12.959" classname="VerificationInJavaSelenium.Verify_LoginOfLinkedIn"/>
</testsuite> <!-- VerificationInJavaSelenium.Verify_LoginOfLinkedIn -->
