<?xml version="1.0" encoding="UTF-8"?>
<!-- Generated by org.testng.reporters.JUnitReportReporter -->
<testsuite skipped="0" hostname="MSDES13" name="TablesInJavaSelenium.GetHeaderFromTable" tests="1" failures="0" timestamp="2020-02-07T17:50:12 IST" time="12.308" errors="0">
  <testcase name="GetColumnInTable" time="12.308" classname="TablesInJavaSelenium.GetHeaderFromTable"/>
</testsuite> <!-- TablesInJavaSelenium.GetHeaderFromTable -->
