<?xml version="1.0" encoding="UTF-8"?>
<!-- Generated by org.testng.reporters.JUnitReportReporter -->
<testsuite skipped="0" hostname="MSDES13" name="DataDrivenTestingInJavaSelenium.InfoReqInZeenyxWebsite" tests="3" failures="0" timestamp="2020-02-10T13:24:20 IST" time="91.443" errors="0">
  <testcase name="ZeennyxInfoRequestTestcase" time="29.902" classname="DataDrivenTestingInJavaSelenium.InfoReqInZeenyxWebsite"/>
  <testcase name="ZeennyxInfoRequestTestcase" time="31.066" classname="DataDrivenTestingInJavaSelenium.InfoReqInZeenyxWebsite"/>
  <testcase name="ZeennyxInfoRequestTestcase" time="30.475" classname="DataDrivenTestingInJavaSelenium.InfoReqInZeenyxWebsite"/>
</testsuite> <!-- DataDrivenTestingInJavaSelenium.InfoReqInZeenyxWebsite -->
