<?xml version="1.0" encoding="UTF-8"?>
<!-- Generated by org.testng.reporters.JUnitReportReporter -->
<testsuite skipped="0" hostname="MSDES13" name="SeleniumBasics_Java.SeleniumBasics_Java.Testcases.ZeennyxInfoRequestTestcase" tests="1" failures="0" timestamp="2020-02-04T12:25:33 IST" time="26.494" errors="0">
  <testcase name="ZeennyxInfoRequestTestcase_JavaSele" time="26.494" classname="SeleniumBasics_Java.SeleniumBasics_Java.Testcases.ZeennyxInfoRequestTestcase"/>
</testsuite> <!-- SeleniumBasics_Java.SeleniumBasics_Java.Testcases.ZeennyxInfoRequestTestcase -->
