<?xml version="1.0" encoding="UTF-8"?>
<!-- Generated by org.testng.reporters.JUnitReportReporter -->
<testsuite skipped="0" hostname="MSDES13" name="SeleniumBasics_Java.SeleniumBasics_Java.RegularExpressionsInSelenium" tests="1" failures="0" timestamp="2020-02-03T18:13:18 IST" time="0.011" errors="0">
  <testcase name="Launch_FirefoxBrowser" time="0.011" classname="SeleniumBasics_Java.SeleniumBasics_Java.RegularExpressionsInSelenium"/>
</testsuite> <!-- SeleniumBasics_Java.SeleniumBasics_Java.RegularExpressionsInSelenium -->
