<?xml version="1.0" encoding="UTF-8"?>
<!-- Generated by org.testng.reporters.JUnitReportReporter -->
<testsuite skipped="0" hostname="MSDES13" name="AutomationHelpers.ImageComparisonPositive" tests="1" failures="0" timestamp="2020-02-06T14:48:15 IST" time="13.905" errors="0">
  <testcase name="imageComaparision" time="13.905" classname="AutomationHelpers.ImageComparisonPositive"/>
</testsuite> <!-- AutomationHelpers.ImageComparisonPositive -->
