<?xml version="1.0" encoding="UTF-8"?>
<!-- Generated by org.testng.reporters.JUnitReportReporter -->
<testsuite skipped="0" hostname="MSDES13" name="SeleniumBasics_Java.SeleniumBasics_Java.LaunchBrowser_FF_Chrome_IE" tests="3" failures="0" timestamp="2020-02-10T11:11:24 IST" time="336.794" errors="0">
  <testcase name="Launch_IEBrowser" time="301.134" classname="SeleniumBasics_Java.SeleniumBasics_Java.LaunchBrowser_FF_Chrome_IE"/>
  <testcase name="Launch_FirefoxBrowser" time="17.336" classname="SeleniumBasics_Java.SeleniumBasics_Java.LaunchBrowser_FF_Chrome_IE"/>
  <testcase name="Launch_ChromeBrowser" time="18.324" classname="SeleniumBasics_Java.SeleniumBasics_Java.LaunchBrowser_FF_Chrome_IE"/>
</testsuite> <!-- SeleniumBasics_Java.SeleniumBasics_Java.LaunchBrowser_FF_Chrome_IE -->
