<?xml version="1.0" encoding="UTF-8"?>
<!-- Generated by org.testng.reporters.JUnitReportReporter -->
<testsuite skipped="0" hostname="MSDES13" name="TestNGAnnotations.BasicTestngfile" tests="2" failures="0" timestamp="2020-02-07T15:13:40 IST" time="0.017" errors="0">
  <testcase name="verifyHomepageTitle" time="0.012" classname="TestNGAnnotations.BasicTestngfile"/>
  <testcase name="verifyHomepageTitle1" time="0.005" classname="TestNGAnnotations.BasicTestngfile"/>
</testsuite> <!-- TestNGAnnotations.BasicTestngfile -->
