<?xml version="1.0" encoding="UTF-8"?>
<!-- Generated by org.testng.reporters.JUnitReportReporter -->
<testsuite skipped="0" hostname="MSDES13" name="TestNGAnnotations.TestNgExample$test" tests="2" failures="0" timestamp="2020-02-07T13:09:26 IST" time="0.010" errors="0">
  <testcase name="testCase1" time="0.006" classname="TestNGAnnotations.TestNgExample$test"/>
  <testcase name="testCase2" time="0.004" classname="TestNGAnnotations.TestNgExample$test"/>
</testsuite> <!-- TestNGAnnotations.TestNgExample$test -->
