<?xml version="1.0" encoding="UTF-8"?>
<!-- Generated by org.testng.reporters.JUnitReportReporter -->
<testsuite skipped="0" hostname="MSDES13" name="SeleniumBasics_Java.SeleniumBasics_Java.Testcases.ZeennyxInfoAboutATTestcase" tests="1" failures="0" timestamp="2020-02-12T10:13:09 IST" time="25.812" errors="0">
  <testcase name="ZeennyxInfoAboutATTestcase_JavaSele" time="25.812" classname="SeleniumBasics_Java.SeleniumBasics_Java.Testcases.ZeennyxInfoAboutATTestcase"/>
</testsuite> <!-- SeleniumBasics_Java.SeleniumBasics_Java.Testcases.ZeennyxInfoAboutATTestcase -->
