<?xml version="1.0" encoding="UTF-8"?>
<!-- Generated by org.testng.reporters.JUnitReportReporter -->
<testsuite skipped="0" hostname="MSDES13" name="SeleniumBasics_Java.SeleniumBasics_Java.LocatorsInSelenium" tests="1" failures="0" timestamp="2020-01-27T18:08:22 IST" time="19.613" errors="0">
  <testcase name="LocatorsInSelenium_java" time="19.613" classname="SeleniumBasics_Java.SeleniumBasics_Java.LocatorsInSelenium"/>
</testsuite> <!-- SeleniumBasics_Java.SeleniumBasics_Java.LocatorsInSelenium -->
