<?xml version="1.0" encoding="UTF-8"?>
<!-- Generated by org.testng.reporters.JUnitReportReporter -->
<testsuite skipped="0" hostname="MSDES13" name="com.MS.Zeenyx.Plans.ZeenyxWebsiteTestPlan" tests="4" failures="0" timestamp="2020-02-17T17:39:39 IST" time="134.893" errors="0">
  <testcase name="WebcastRegister_ZeenyxTestcase" time="35.780" classname="com.MS.Zeenyx.Plans.ZeenyxWebsiteTestPlan"/>
  <testcase name="InfoRequest_ZeenyxTestcase" time="27.670" classname="com.MS.Zeenyx.Plans.ZeenyxWebsiteTestPlan"/>
  <testcase name="InfoAboutAT_ZeenyxTestcase" time="36.497" classname="com.MS.Zeenyx.Plans.ZeenyxWebsiteTestPlan"/>
  <testcase name="TrialReqForAT_ZeennyxTestcase" time="34.946" classname="com.MS.Zeenyx.Plans.ZeenyxWebsiteTestPlan"/>
</testsuite> <!-- com.MS.Zeenyx.Plans.ZeenyxWebsiteTestPlan -->
