<?xml version="1.0" encoding="UTF-8"?>
<!-- Generated by org.testng.reporters.JUnitReportReporter -->
<testsuite skipped="0" hostname="MSDES13" name="TestNGAnnotations.All_TestngAnnotations" tests="2" failures="0" timestamp="2020-02-07T15:58:51 IST" time="0.010" errors="0">
  <testcase name="testCase1" time="0.006" classname="TestNGAnnotations.All_TestngAnnotations"/>
  <testcase name="testCase2" time="0.004" classname="TestNGAnnotations.All_TestngAnnotations"/>
</testsuite> <!-- TestNGAnnotations.All_TestngAnnotations -->
