<?xml version="1.0" encoding="UTF-8"?>
<!-- Generated by org.testng.reporters.JUnitReportReporter -->
<testsuite skipped="0" hostname="MSDES13" name="SeleniumBasics_Java.SeleniumBasics_Java.HelloJavaWorld" tests="1" failures="0" timestamp="2020-01-27T10:50:00 IST" time="0.016" errors="0">
  <testcase name="test1" time="0.016" classname="SeleniumBasics_Java.SeleniumBasics_Java.HelloJavaWorld"/>
</testsuite> <!-- SeleniumBasics_Java.SeleniumBasics_Java.HelloJavaWorld -->
