<?xml version="1.0" encoding="UTF-8"?>
<!-- Generated by org.testng.reporters.JUnitReportReporter -->
<testsuite skipped="0" hostname="MSDES13" name="SeleniumBasics_Java.SeleniumBasics_Java.Testcases.ZeennyxWebCastReqTestcase" tests="1" failures="0" timestamp="2020-02-04T12:53:33 IST" time="32.454" errors="0">
  <testcase name="ZeennyxWebCastReqTestcase_JavaSele" time="32.454" classname="SeleniumBasics_Java.SeleniumBasics_Java.Testcases.ZeennyxWebCastReqTestcase"/>
</testsuite> <!-- SeleniumBasics_Java.SeleniumBasics_Java.Testcases.ZeennyxWebCastReqTestcase -->
