<?xml version="1.0" encoding="UTF-8"?>
<!-- Generated by org.testng.reporters.JUnitReportReporter -->
<testsuite skipped="0" hostname="MSDES13" name="SeleniumBasics_Java.SeleniumBasics_Java.Testcases.ZeennyxWebCastReqTestcase" tests="1" failures="0" timestamp="12 Feb 2020 10:16:08 GMT" time="35.815" errors="0">
  <testcase name="ZeennyxWebCastReqTestcase_JavaSele" time="35.815" classname="SeleniumBasics_Java.SeleniumBasics_Java.Testcases.ZeennyxWebCastReqTestcase"/>
</testsuite> <!-- SeleniumBasics_Java.SeleniumBasics_Java.Testcases.ZeennyxWebCastReqTestcase -->
